{"C:\\Users\\Sai\\.gemini\\antigravity\\scratch\\election-assistant\\src\\App.tsx": {"path":"C:\\Users\\Sai\\.gemini\\antigravity\\scratch\\election-assistant\\src\\App.tsx","statementMap":{"0":{"start":{"line":7,"column":6},"end":{"line":7,"column":null}},"1":{"start":{"line":7,"column":34},"end":{"line":7,"column":null}},"2":{"start":{"line":7,"column":90},"end":{"line":7,"column":null}},"3":{"start":{"line":8,"column":6},"end":{"line":8,"column":null}},"4":{"start":{"line":8,"column":30},"end":{"line":8,"column":null}},"5":{"start":{"line":8,"column":82},"end":{"line":8,"column":null}},"6":{"start":{"line":19,"column":33},"end":{"line":25,"column":null}},"7":{"start":{"line":28,"column":19},"end":{"line":28,"column":72}},"8":{"start":{"line":29,"column":20},"end":{"line":29,"column":48}},"9":{"start":{"line":31,"column":19},"end":{"line":31,"column":49}},"10":{"start":{"line":32,"column":25},"end":{"line":32,"column":61}},"11":{"start":{"line":33,"column":23},"end":{"line":33,"column":54}},"12":{"start":{"line":35,"column":8},"end":{"line":35,"column":49}},"13":{"start":{"line":37,"column":2},"end":{"line":40,"column":null}},"14":{"start":{"line":39,"column":4},"end":{"line":39,"column":null}},"15":{"start":{"line":42,"column":8},"end":{"line":115,"column":8}},"16":{"start":{"line":43,"column":17},"end":{"line":43,"column":44}},"17":{"start":{"line":44,"column":4},"end":{"line":44,"column":null}},"18":{"start":{"line":44,"column":22},"end":{"line":44,"column":null}},"19":{"start":{"line":47,"column":29},"end":{"line":52,"column":null}},"20":{"start":{"line":54,"column":4},"end":{"line":54,"column":null}},"21":{"start":{"line":54,"column":26},"end":{"line":54,"column":44}},"22":{"start":{"line":55,"column":4},"end":{"line":55,"column":null}},"23":{"start":{"line":56,"column":4},"end":{"line":56,"column":null}},"24":{"start":{"line":57,"column":6},"end":{"line":57,"column":null}},"25":{"start":{"line":59,"column":6},"end":{"line":113,"column":null}},"26":{"start":{"line":60,"column":23},"end":{"line":60,"column":null}},"27":{"start":{"line":61,"column":8},"end":{"line":62,"column":null}},"28":{"start":{"line":62,"column":10},"end":{"line":62,"column":null}},"29":{"start":{"line":65,"column":34},"end":{"line":65,"column":null}},"30":{"start":{"line":68,"column":36},"end":{"line":71,"column":11}},"31":{"start":{"line":68,"column":60},"end":{"line":71,"column":11}},"32":{"start":{"line":74,"column":8},"end":{"line":74,"column":null}},"33":{"start":{"line":76,"column":24},"end":{"line":79,"column":null}},"34":{"start":{"line":81,"column":23},"end":{"line":85,"column":8}},"35":{"start":{"line":87,"column":6},"end":{"line":88,"column":null}},"36":{"start":{"line":88,"column":9},"end":{"line":88,"column":null}},"37":{"start":{"line":91,"column":19},"end":{"line":91,"column":40}},"38":{"start":{"line":92,"column":30},"end":{"line":92,"column":140}},"39":{"start":{"line":94,"column":30},"end":{"line":99,"column":null}},"40":{"start":{"line":100,"column":6},"end":{"line":100,"column":null}},"41":{"start":{"line":100,"column":28},"end":{"line":100,"column":45}},"42":{"start":{"line":102,"column":32},"end":{"line":107,"column":null}},"43":{"start":{"line":108,"column":6},"end":{"line":108,"column":null}},"44":{"start":{"line":108,"column":28},"end":{"line":108,"column":47}},"45":{"start":{"line":109,"column":6},"end":{"line":109,"column":null}},"46":{"start":{"line":111,"column":6},"end":{"line":111,"column":null}},"47":{"start":{"line":113,"column":6},"end":{"line":113,"column":null}},"48":{"start":{"line":113,"column":23},"end":{"line":113,"column":48}},"49":{"start":{"line":117,"column":2},"end":{"line":230,"column":null}},"50":{"start":{"line":134,"column":30},"end":{"line":134,"column":64}},"51":{"start":{"line":151,"column":17},"end":{"line":168,"column":null}},"52":{"start":{"line":158,"column":27},"end":{"line":164,"column":null}},"53":{"start":{"line":161,"column":44},"end":{"line":161,"column":66}},"54":{"start":{"line":182,"column":19},"end":{"line":182,"column":null}},"55":{"start":{"line":183,"column":19},"end":{"line":183,"column":null}},"56":{"start":{"line":195,"column":37},"end":{"line":195,"column":65}}},"fnMap":{"0":{"name":"(anonymous_0)","decl":{"start":{"line":7,"column":23},"end":{"line":7,"column":34}},"loc":{"start":{"line":7,"column":34},"end":{"line":7,"column":null}},"line":7},"1":{"name":"(anonymous_1)","decl":{"start":{"line":7,"column":77},"end":{"line":7,"column":88}},"loc":{"start":{"line":7,"column":90},"end":{"line":7,"column":null}},"line":7},"2":{"name":"(anonymous_2)","decl":{"start":{"line":8,"column":19},"end":{"line":8,"column":30}},"loc":{"start":{"line":8,"column":30},"end":{"line":8,"column":null}},"line":8},"3":{"name":"(anonymous_3)","decl":{"start":{"line":8,"column":69},"end":{"line":8,"column":80}},"loc":{"start":{"line":8,"column":82},"end":{"line":8,"column":null}},"line":8},"4":{"name":"App","decl":{"start":{"line":27,"column":9},"end":{"line":27,"column":15}},"loc":{"start":{"line":27,"column":15},"end":{"line":230,"column":null}},"line":27},"5":{"name":"(anonymous_5)","decl":{"start":{"line":37,"column":2},"end":{"line":37,"column":18}},"loc":{"start":{"line":37,"column":18},"end":{"line":40,"column":7}},"line":37},"6":{"name":"(anonymous_6)","decl":{"start":{"line":42,"column":40},"end":{"line":42,"column":47}},"loc":{"start":{"line":42,"column":67},"end":{"line":115,"column":7}},"line":42},"7":{"name":"(anonymous_7)","decl":{"start":{"line":54,"column":4},"end":{"line":54,"column":17}},"loc":{"start":{"line":54,"column":26},"end":{"line":54,"column":44}},"line":54},"8":{"name":"(anonymous_8)","decl":{"start":{"line":68,"column":50},"end":{"line":68,"column":54}},"loc":{"start":{"line":68,"column":60},"end":{"line":71,"column":11}},"line":68},"9":{"name":"(anonymous_9)","decl":{"start":{"line":100,"column":6},"end":{"line":100,"column":19}},"loc":{"start":{"line":100,"column":28},"end":{"line":100,"column":45}},"line":100},"10":{"name":"(anonymous_10)","decl":{"start":{"line":108,"column":6},"end":{"line":108,"column":19}},"loc":{"start":{"line":108,"column":28},"end":{"line":108,"column":47}},"line":108},"11":{"name":"(anonymous_11)","decl":{"start":{"line":113,"column":6},"end":{"line":113,"column":23}},"loc":{"start":{"line":113,"column":23},"end":{"line":113,"column":48}},"line":113},"12":{"name":"(anonymous_12)","decl":{"start":{"line":134,"column":15},"end":{"line":134,"column":30}},"loc":{"start":{"line":134,"column":30},"end":{"line":134,"column":64}},"line":134},"13":{"name":"(anonymous_13)","decl":{"start":{"line":150,"column":25},"end":{"line":150,"column":30}},"loc":{"start":{"line":151,"column":17},"end":{"line":168,"column":null}},"line":151},"14":{"name":"(anonymous_14)","decl":{"start":{"line":157,"column":38},"end":{"line":157,"column":42}},"loc":{"start":{"line":158,"column":27},"end":{"line":164,"column":null}},"line":158},"15":{"name":"(anonymous_15)","decl":{"start":{"line":161,"column":29},"end":{"line":161,"column":44}},"loc":{"start":{"line":161,"column":44},"end":{"line":161,"column":66}},"line":161},"16":{"name":"(anonymous_16)","decl":{"start":{"line":181,"column":17},"end":{"line":181,"column":28}},"loc":{"start":{"line":181,"column":34},"end":{"line":183,"column":null}},"line":181},"17":{"name":"(anonymous_17)","decl":{"start":{"line":195,"column":20},"end":{"line":195,"column":31}},"loc":{"start":{"line":195,"column":37},"end":{"line":195,"column":65}},"line":195}},"branchMap":{"0":{"loc":{"start":{"line":44,"column":4},"end":{"line":44,"column":null}},"type":"if","locations":[{"start":{"line":44,"column":4},"end":{"line":44,"column":null}},{"start":{},"end":{}}],"line":44},"1":{"loc":{"start":{"line":61,"column":8},"end":{"line":62,"column":null}},"type":"if","locations":[{"start":{"line":61,"column":8},"end":{"line":62,"column":null}},{"start":{},"end":{}}],"line":61},"2":{"loc":{"start":{"line":69,"column":16},"end":{"line":69,"column":null}},"type":"cond-expr","locations":[{"start":{"line":69,"column":37},"end":{"line":69,"column":47}},{"start":{"line":69,"column":47},"end":{"line":69,"column":null}}],"line":69},"3":{"loc":{"start":{"line":87,"column":6},"end":{"line":88,"column":null}},"type":"if","locations":[{"start":{"line":87,"column":6},"end":{"line":88,"column":null}},{"start":{},"end":{}}],"line":87},"4":{"loc":{"start":{"line":92,"column":49},"end":{"line":92,"column":140}},"type":"binary-expr","locations":[{"start":{"line":92,"column":49},"end":{"line":92,"column":100}},{"start":{"line":92,"column":100},"end":{"line":92,"column":140}}],"line":92},"5":{"loc":{"start":{"line":119,"column":39},"end":{"line":119,"column":null}},"type":"cond-expr","locations":[{"start":{"line":119,"column":56},"end":{"line":119,"column":74}},{"start":{"line":119,"column":74},"end":{"line":119,"column":null}}],"line":119},"6":{"loc":{"start":{"line":155,"column":21},"end":{"line":166,"column":null}},"type":"binary-expr","locations":[{"start":{"line":155,"column":21},"end":{"line":155,"column":45}},{"start":{"line":155,"column":45},"end":{"line":155,"column":null}},{"start":{"line":156,"column":22},"end":{"line":166,"column":null}}],"line":155},"7":{"loc":{"start":{"line":170,"column":16},"end":{"line":175,"column":null}},"type":"binary-expr","locations":[{"start":{"line":170,"column":16},"end":{"line":170,"column":null}},{"start":{"line":171,"column":17},"end":{"line":175,"column":null}}],"line":170},"8":{"loc":{"start":{"line":199,"column":78},"end":{"line":199,"column":107}},"type":"binary-expr","locations":[{"start":{"line":199,"column":78},"end":{"line":199,"column":90}},{"start":{"line":199,"column":90},"end":{"line":199,"column":107}}],"line":199}},"s":{"0":1,"1":1,"2":1,"3":1,"4":1,"5":1,"6":1,"7":6,"8":6,"9":6,"10":6,"11":6,"12":6,"13":6,"14":4,"15":6,"16":1,"17":1,"18":0,"19":1,"20":1,"21":1,"22":1,"23":1,"24":1,"25":1,"26":1,"27":1,"28":0,"29":1,"30":1,"31":0,"32":1,"33":1,"34":1,"35":0,"36":0,"37":0,"38":0,"39":1,"40":1,"41":0,"42":1,"43":1,"44":1,"45":1,"46":1,"47":1,"48":1,"49":6,"50":0,"51":8,"52":18,"53":0,"54":1,"55":1,"56":1},"f":{"0":1,"1":1,"2":1,"3":1,"4":6,"5":4,"6":1,"7":1,"8":0,"9":0,"10":1,"11":1,"12":0,"13":8,"14":18,"15":0,"16":1,"17":1},"b":{"0":[0,1],"1":[0,1],"2":[0,0],"3":[0,0],"4":[0,0],"5":[0,6],"6":[8,7,6],"7":[6,0],"8":[6,6]},"meta":{"lastBranch":9,"lastFunction":18,"lastStatement":57,"seen":{"s:7:6:7:Infinity":0,"f:7:23:7:34":0,"s:7:34:7:Infinity":1,"f:7:77:7:88":1,"s:7:90:7:Infinity":2,"s:8:6:8:Infinity":3,"f:8:19:8:30":2,"s:8:30:8:Infinity":4,"f:8:69:8:80":3,"s:8:82:8:Infinity":5,"s:19:33:25:Infinity":6,"f:27:9:27:15":4,"s:28:19:28:72":7,"s:29:20:29:48":8,"s:31:19:31:49":9,"s:32:25:32:61":10,"s:33:23:33:54":11,"s:35:8:35:49":12,"s:37:2:40:Infinity":13,"f:37:2:37:18":5,"s:39:4:39:Infinity":14,"s:42:8:115:8":15,"f:42:40:42:47":6,"s:43:17:43:44":16,"b:44:4:44:Infinity:undefined:undefined:undefined:undefined":0,"s:44:4:44:Infinity":17,"s:44:22:44:Infinity":18,"s:47:29:52:Infinity":19,"s:54:4:54:Infinity":20,"f:54:4:54:17":7,"s:54:26:54:44":21,"s:55:4:55:Infinity":22,"s:56:4:56:Infinity":23,"s:57:6:57:Infinity":24,"s:59:6:113:Infinity":25,"s:60:23:60:Infinity":26,"b:61:8:62:Infinity:undefined:undefined:undefined:undefined":1,"s:61:8:62:Infinity":27,"s:62:10:62:Infinity":28,"s:65:34:65:Infinity":29,"s:68:36:71:11":30,"f:68:50:68:54":8,"s:68:60:71:11":31,"b:69:37:69:47:69:47:69:Infinity":2,"s:74:8:74:Infinity":32,"s:76:24:79:Infinity":33,"s:81:23:85:8":34,"b:87:6:88:Infinity:undefined:undefined:undefined:undefined":3,"s:87:6:88:Infinity":35,"s:88:9:88:Infinity":36,"s:91:19:91:40":37,"s:92:30:92:140":38,"b:92:49:92:100:92:100:92:140":4,"s:94:30:99:Infinity":39,"s:100:6:100:Infinity":40,"f:100:6:100:19":9,"s:100:28:100:45":41,"s:102:32:107:Infinity":42,"s:108:6:108:Infinity":43,"f:108:6:108:19":10,"s:108:28:108:47":44,"s:109:6:109:Infinity":45,"s:111:6:111:Infinity":46,"s:113:6:113:Infinity":47,"f:113:6:113:23":11,"s:113:23:113:48":48,"s:117:2:230:Infinity":49,"b:119:56:119:74:119:74:119:Infinity":5,"f:134:15:134:30":12,"s:134:30:134:64":50,"f:150:25:150:30":13,"s:151:17:168:Infinity":51,"b:155:21:155:45:155:45:155:Infinity:156:22:166:Infinity":6,"f:157:38:157:42":14,"s:158:27:164:Infinity":52,"f:161:29:161:44":15,"s:161:44:161:66":53,"b:170:16:170:Infinity:171:17:175:Infinity":7,"f:181:17:181:28":16,"s:182:19:182:Infinity":54,"s:183:19:183:Infinity":55,"f:195:20:195:31":17,"s:195:37:195:65":56,"b:199:78:199:90:199:90:199:107":8}}}
,"C:\\Users\\Sai\\.gemini\\antigravity\\scratch\\election-assistant\\src\\firebase.ts": {"path":"C:\\Users\\Sai\\.gemini\\antigravity\\scratch\\election-assistant\\src\\firebase.ts","statementMap":{"0":{"start":{"line":6,"column":23},"end":{"line":14,"column":null}},"1":{"start":{"line":21,"column":0},"end":{"line":28,"column":null}},"2":{"start":{"line":22,"column":2},"end":{"line":22,"column":null}},"3":{"start":{"line":23,"column":2},"end":{"line":25,"column":null}},"4":{"start":{"line":24,"column":4},"end":{"line":24,"column":null}},"5":{"start":{"line":25,"column":4},"end":{"line":25,"column":null}},"6":{"start":{"line":28,"column":2},"end":{"line":28,"column":null}},"7":{"start":{"line":31,"column":30},"end":{"line":38,"column":null}},"8":{"start":{"line":32,"column":2},"end":{"line":32,"column":null}},"9":{"start":{"line":32,"column":13},"end":{"line":32,"column":null}},"10":{"start":{"line":33,"column":2},"end":{"line":38,"column":null}},"11":{"start":{"line":34,"column":27},"end":{"line":34,"column":56}},"12":{"start":{"line":35,"column":4},"end":{"line":35,"column":null}},"13":{"start":{"line":37,"column":4},"end":{"line":37,"column":null}},"14":{"start":{"line":38,"column":4},"end":{"line":38,"column":null}}},"fnMap":{"0":{"name":"(anonymous_0)","decl":{"start":{"line":31,"column":30},"end":{"line":31,"column":42}},"loc":{"start":{"line":31,"column":42},"end":{"line":38,"column":null}},"line":31}},"branchMap":{"0":{"loc":{"start":{"line":23,"column":2},"end":{"line":25,"column":null}},"type":"if","locations":[{"start":{"line":23,"column":2},"end":{"line":25,"column":null}},{"start":{},"end":{}}],"line":23},"1":{"loc":{"start":{"line":32,"column":2},"end":{"line":32,"column":null}},"type":"if","locations":[{"start":{"line":32,"column":2},"end":{"line":32,"column":null}},{"start":{},"end":{}}],"line":32}},"s":{"0":1,"1":1,"2":1,"3":1,"4":1,"5":1,"6":0,"7":1,"8":4,"9":0,"10":4,"11":4,"12":0,"13":1,"14":1},"f":{"0":4},"b":{"0":[1,0],"1":[0,4]},"meta":{"lastBranch":2,"lastFunction":1,"lastStatement":15,"seen":{"s:6:23:14:Infinity":0,"s:21:0:28:Infinity":1,"s:22:2:22:Infinity":2,"b:23:2:25:Infinity:undefined:undefined:undefined:undefined":0,"s:23:2:25:Infinity":3,"s:24:4:24:Infinity":4,"s:25:4:25:Infinity":5,"s:28:2:28:Infinity":6,"s:31:30:38:Infinity":7,"f:31:30:31:42":0,"b:32:2:32:Infinity:undefined:undefined:undefined:undefined":1,"s:32:2:32:Infinity":8,"s:32:13:32:Infinity":9,"s:33:2:38:Infinity":10,"s:34:27:34:56":11,"s:35:4:35:Infinity":12,"s:37:4:37:Infinity":13,"s:38:4:38:Infinity":14}}}
,"C:\\Users\\Sai\\.gemini\\antigravity\\scratch\\election-assistant\\src\\index.css": {"path":"C:\\Users\\Sai\\.gemini\\antigravity\\scratch\\election-assistant\\src\\index.css","statementMap":{},"fnMap":{},"branchMap":{},"s":{},"f":{},"b":{},"meta":{"lastBranch":0,"lastFunction":0,"lastStatement":0,"seen":{}}}
,"C:\\Users\\Sai\\.gemini\\antigravity\\scratch\\election-assistant\\src\\components\\ErrorBoundary.tsx": {"path":"C:\\Users\\Sai\\.gemini\\antigravity\\scratch\\election-assistant\\src\\components\\ErrorBoundary.tsx","statementMap":{"0":{"start":{"line":14,"column":24},"end":{"line":15,"column":null}},"1":{"start":{"line":20,"column":4},"end":{"line":20,"column":null}},"2":{"start":{"line":24,"column":4},"end":{"line":24,"column":null}},"3":{"start":{"line":28,"column":4},"end":{"line":39,"column":null}},"4":{"start":{"line":29,"column":6},"end":{"line":30,"column":null}},"5":{"start":{"line":30,"column":8},"end":{"line":30,"column":null}},"6":{"start":{"line":32,"column":6},"end":{"line":39,"column":null}},"7":{"start":{"line":45,"column":4},"end":{"line":45,"column":null}}},"fnMap":{"0":{"name":"(anonymous_0)","decl":{"start":{"line":18,"column":16},"end":{"line":18,"column":41}},"loc":{"start":{"line":18,"column":62},"end":{"line":20,"column":null}},"line":18},"1":{"name":"(anonymous_1)","decl":{"start":{"line":23,"column":2},"end":{"line":23,"column":9}},"loc":{"start":{"line":23,"column":63},"end":{"line":24,"column":null}},"line":23},"2":{"name":"(anonymous_2)","decl":{"start":{"line":27,"column":2},"end":{"line":27,"column":9}},"loc":{"start":{"line":27,"column":18},"end":{"line":45,"column":null}},"line":27}},"branchMap":{"0":{"loc":{"start":{"line":28,"column":4},"end":{"line":39,"column":null}},"type":"if","locations":[{"start":{"line":28,"column":4},"end":{"line":39,"column":null}},{"start":{},"end":{}}],"line":28},"1":{"loc":{"start":{"line":29,"column":6},"end":{"line":30,"column":null}},"type":"if","locations":[{"start":{"line":29,"column":6},"end":{"line":30,"column":null}},{"start":{},"end":{}}],"line":29},"2":{"loc":{"start":{"line":36,"column":11},"end":{"line":39,"column":null}},"type":"binary-expr","locations":[{"start":{"line":36,"column":11},"end":{"line":36,"column":null}},{"start":{"line":37,"column":12},"end":{"line":39,"column":null}}],"line":36}},"s":{"0":4,"1":0,"2":0,"3":6,"4":0,"5":0,"6":0,"7":6},"f":{"0":1,"1":0,"2":6},"b":{"0":[0,6],"1":[0,0],"2":[0,0]},"meta":{"lastBranch":3,"lastFunction":3,"lastStatement":8,"seen":{"s:14:24:15:Infinity":0,"f:18:16:18:41":0,"s:20:4:20:Infinity":1,"f:23:2:23:9":1,"s:24:4:24:Infinity":2,"f:27:2:27:9":2,"b:28:4:39:Infinity:undefined:undefined:undefined:undefined":0,"s:28:4:39:Infinity":3,"b:29:6:30:Infinity:undefined:undefined:undefined:undefined":1,"s:29:6:30:Infinity":4,"s:30:8:30:Infinity":5,"s:32:6:39:Infinity":6,"b:36:11:36:Infinity:37:12:39:Infinity":2,"s:45:4:45:Infinity":7}}}
,"C:\\Users\\Sai\\.gemini\\antigravity\\scratch\\election-assistant\\src\\components\\QuizModule.tsx": {"path":"C:\\Users\\Sai\\.gemini\\antigravity\\scratch\\election-assistant\\src\\components\\QuizModule.tsx","statementMap":{"0":{"start":{"line":11,"column":35},"end":{"line":35,"column":null}},"1":{"start":{"line":38,"column":36},"end":{"line":134,"column":null}},"2":{"start":{"line":39,"column":29},"end":{"line":39,"column":65}},"3":{"start":{"line":40,"column":25},"end":{"line":40,"column":75}},"4":{"start":{"line":41,"column":21},"end":{"line":41,"column":53}},"5":{"start":{"line":42,"column":16},"end":{"line":42,"column":39}},"6":{"start":{"line":44,"column":19},"end":{"line":44,"column":null}},"7":{"start":{"line":46,"column":8},"end":{"line":51,"column":null}},"8":{"start":{"line":47,"column":4},"end":{"line":47,"column":null}},"9":{"start":{"line":47,"column":33},"end":{"line":47,"column":null}},"10":{"start":{"line":49,"column":4},"end":{"line":49,"column":null}},"11":{"start":{"line":50,"column":4},"end":{"line":51,"column":null}},"12":{"start":{"line":51,"column":6},"end":{"line":51,"column":null}},"13":{"start":{"line":51,"column":20},"end":{"line":51,"column":26}},"14":{"start":{"line":55,"column":8},"end":{"line":60,"column":null}},"15":{"start":{"line":56,"column":4},"end":{"line":60,"column":null}},"16":{"start":{"line":57,"column":6},"end":{"line":57,"column":null}},"17":{"start":{"line":57,"column":35},"end":{"line":57,"column":43}},"18":{"start":{"line":58,"column":6},"end":{"line":58,"column":null}},"19":{"start":{"line":60,"column":6},"end":{"line":60,"column":null}},"20":{"start":{"line":64,"column":8},"end":{"line":68,"column":null}},"21":{"start":{"line":65,"column":4},"end":{"line":65,"column":null}},"22":{"start":{"line":66,"column":4},"end":{"line":66,"column":null}},"23":{"start":{"line":67,"column":4},"end":{"line":67,"column":null}},"24":{"start":{"line":68,"column":4},"end":{"line":68,"column":null}},"25":{"start":{"line":71,"column":2},"end":{"line":78,"column":null}},"26":{"start":{"line":72,"column":4},"end":{"line":78,"column":null}},"27":{"start":{"line":83,"column":20},"end":{"line":83,"column":null}},"28":{"start":{"line":85,"column":2},"end":{"line":128,"column":null}},"29":{"start":{"line":97,"column":30},"end":{"line":97,"column":null}},"30":{"start":{"line":98,"column":15},"end":{"line":104,"column":null}},"31":{"start":{"line":99,"column":18},"end":{"line":104,"column":null}},"32":{"start":{"line":100,"column":21},"end":{"line":100,"column":null}},"33":{"start":{"line":101,"column":29},"end":{"line":104,"column":null}},"34":{"start":{"line":102,"column":21},"end":{"line":102,"column":null}},"35":{"start":{"line":104,"column":21},"end":{"line":104,"column":null}},"36":{"start":{"line":108,"column":15},"end":{"line":117,"column":null}},"37":{"start":{"line":112,"column":34},"end":{"line":112,"column":57}}},"fnMap":{"0":{"name":"(anonymous_0)","decl":{"start":{"line":38,"column":42},"end":{"line":38,"column":53}},"loc":{"start":{"line":38,"column":53},"end":{"line":134,"column":null}},"line":38},"1":{"name":"(anonymous_1)","decl":{"start":{"line":46,"column":8},"end":{"line":46,"column":30}},"loc":{"start":{"line":46,"column":48},"end":{"line":51,"column":null}},"line":46},"2":{"name":"(anonymous_2)","decl":{"start":{"line":51,"column":6},"end":{"line":51,"column":15}},"loc":{"start":{"line":51,"column":20},"end":{"line":51,"column":26}},"line":51},"3":{"name":"(anonymous_3)","decl":{"start":{"line":55,"column":8},"end":{"line":55,"column":27}},"loc":{"start":{"line":55,"column":27},"end":{"line":60,"column":null}},"line":55},"4":{"name":"(anonymous_4)","decl":{"start":{"line":57,"column":6},"end":{"line":57,"column":28}},"loc":{"start":{"line":57,"column":35},"end":{"line":57,"column":43}},"line":57},"5":{"name":"(anonymous_5)","decl":{"start":{"line":64,"column":8},"end":{"line":64,"column":30}},"loc":{"start":{"line":64,"column":30},"end":{"line":68,"column":null}},"line":64},"6":{"name":"(anonymous_6)","decl":{"start":{"line":96,"column":31},"end":{"line":96,"column":36}},"loc":{"start":{"line":96,"column":49},"end":{"line":117,"column":null}},"line":96},"7":{"name":"(anonymous_7)","decl":{"start":{"line":112,"column":19},"end":{"line":112,"column":34}},"loc":{"start":{"line":112,"column":34},"end":{"line":112,"column":57}},"line":112}},"branchMap":{"0":{"loc":{"start":{"line":47,"column":4},"end":{"line":47,"column":null}},"type":"if","locations":[{"start":{"line":47,"column":4},"end":{"line":47,"column":null}},{"start":{},"end":{}}],"line":47},"1":{"loc":{"start":{"line":50,"column":4},"end":{"line":51,"column":null}},"type":"if","locations":[{"start":{"line":50,"column":4},"end":{"line":51,"column":null}},{"start":{},"end":{}}],"line":50},"2":{"loc":{"start":{"line":56,"column":4},"end":{"line":60,"column":null}},"type":"if","locations":[{"start":{"line":56,"column":4},"end":{"line":60,"column":null}},{"start":{"line":59,"column":11},"end":{"line":60,"column":null}}],"line":56},"3":{"loc":{"start":{"line":71,"column":2},"end":{"line":78,"column":null}},"type":"if","locations":[{"start":{"line":71,"column":2},"end":{"line":78,"column":null}},{"start":{},"end":{}}],"line":71},"4":{"loc":{"start":{"line":98,"column":15},"end":{"line":104,"column":null}},"type":"if","locations":[{"start":{"line":98,"column":15},"end":{"line":104,"column":null}},{"start":{},"end":{}}],"line":98},"5":{"loc":{"start":{"line":99,"column":18},"end":{"line":104,"column":null}},"type":"if","locations":[{"start":{"line":99,"column":18},"end":{"line":104,"column":null}},{"start":{"line":101,"column":29},"end":{"line":104,"column":null}}],"line":99},"6":{"loc":{"start":{"line":101,"column":29},"end":{"line":104,"column":null}},"type":"if","locations":[{"start":{"line":101,"column":29},"end":{"line":104,"column":null}},{"start":{"line":103,"column":25},"end":{"line":104,"column":null}}],"line":101},"7":{"loc":{"start":{"line":122,"column":11},"end":{"line":128,"column":null}},"type":"binary-expr","locations":[{"start":{"line":122,"column":11},"end":{"line":122,"column":null}},{"start":{"line":123,"column":13},"end":{"line":128,"column":null}}],"line":122},"8":{"loc":{"start":{"line":123,"column":62},"end":{"line":123,"column":null}},"type":"cond-expr","locations":[{"start":{"line":123,"column":74},"end":{"line":123,"column":91}},{"start":{"line":123,"column":91},"end":{"line":123,"column":null}}],"line":123},"9":{"loc":{"start":{"line":124,"column":21},"end":{"line":124,"column":63}},"type":"cond-expr","locations":[{"start":{"line":124,"column":33},"end":{"line":124,"column":46}},{"start":{"line":124,"column":46},"end":{"line":124,"column":63}}],"line":124},"10":{"loc":{"start":{"line":127,"column":20},"end":{"line":127,"column":null}},"type":"cond-expr","locations":[{"start":{"line":127,"column":69},"end":{"line":127,"column":87}},{"start":{"line":127,"column":87},"end":{"line":127,"column":null}}],"line":127}},"s":{"0":2,"1":2,"2":4,"3":4,"4":4,"5":4,"6":4,"7":4,"8":1,"9":0,"10":1,"11":1,"12":1,"13":1,"14":4,"15":0,"16":0,"17":0,"18":0,"19":0,"20":4,"21":0,"22":0,"23":0,"24":0,"25":4,"26":0,"27":4,"28":4,"29":16,"30":16,"31":4,"32":1,"33":3,"34":0,"35":3,"36":16,"37":1},"f":{"0":4,"1":1,"2":1,"3":0,"4":0,"5":0,"6":16,"7":1},"b":{"0":[0,1],"1":[1,0],"2":[0,0],"3":[0,4],"4":[4,12],"5":[1,3],"6":[0,3],"7":[4,1],"8":[1,0],"9":[1,0],"10":[1,0]},"meta":{"lastBranch":11,"lastFunction":8,"lastStatement":38,"seen":{"s:11:35:35:Infinity":0,"s:38:36:134:Infinity":1,"f:38:42:38:53":0,"s:39:29:39:65":2,"s:40:25:40:75":3,"s:41:21:41:53":4,"s:42:16:42:39":5,"s:44:19:44:Infinity":6,"s:46:8:51:Infinity":7,"f:46:8:46:30":1,"b:47:4:47:Infinity:undefined:undefined:undefined:undefined":0,"s:47:4:47:Infinity":8,"s:47:33:47:Infinity":9,"s:49:4:49:Infinity":10,"b:50:4:51:Infinity:undefined:undefined:undefined:undefined":1,"s:50:4:51:Infinity":11,"s:51:6:51:Infinity":12,"f:51:6:51:15":2,"s:51:20:51:26":13,"s:55:8:60:Infinity":14,"f:55:8:55:27":3,"b:56:4:60:Infinity:59:11:60:Infinity":2,"s:56:4:60:Infinity":15,"s:57:6:57:Infinity":16,"f:57:6:57:28":4,"s:57:35:57:43":17,"s:58:6:58:Infinity":18,"s:60:6:60:Infinity":19,"s:64:8:68:Infinity":20,"f:64:8:64:30":5,"s:65:4:65:Infinity":21,"s:66:4:66:Infinity":22,"s:67:4:67:Infinity":23,"s:68:4:68:Infinity":24,"b:71:2:78:Infinity:undefined:undefined:undefined:undefined":3,"s:71:2:78:Infinity":25,"s:72:4:78:Infinity":26,"s:83:20:83:Infinity":27,"s:85:2:128:Infinity":28,"f:96:31:96:36":6,"s:97:30:97:Infinity":29,"b:98:15:104:Infinity:undefined:undefined:undefined:undefined":4,"s:98:15:104:Infinity":30,"b:99:18:104:Infinity:101:29:104:Infinity":5,"s:99:18:104:Infinity":31,"s:100:21:100:Infinity":32,"b:101:29:104:Infinity:103:25:104:Infinity":6,"s:101:29:104:Infinity":33,"s:102:21:102:Infinity":34,"s:104:21:104:Infinity":35,"s:108:15:117:Infinity":36,"f:112:19:112:34":7,"s:112:34:112:57":37,"b:122:11:122:Infinity:123:13:128:Infinity":7,"b:123:74:123:91:123:91:123:Infinity":8,"b:124:33:124:46:124:46:124:63":9,"b:127:69:127:87:127:87:127:Infinity":10}}}
,"C:\\Users\\Sai\\.gemini\\antigravity\\scratch\\election-assistant\\src\\components\\TimelineWidget.tsx": {"path":"C:\\Users\\Sai\\.gemini\\antigravity\\scratch\\election-assistant\\src\\components\\TimelineWidget.tsx","statementMap":{"0":{"start":{"line":11,"column":30},"end":{"line":40,"column":null}},"1":{"start":{"line":42,"column":40},"end":{"line":77,"column":null}},"2":{"start":{"line":43,"column":2},"end":{"line":74,"column":null}},"3":{"start":{"line":53,"column":32},"end":{"line":53,"column":null}},"4":{"start":{"line":55,"column":11},"end":{"line":71,"column":null}}},"fnMap":{"0":{"name":"(anonymous_0)","decl":{"start":{"line":42,"column":46},"end":{"line":42,"column":57}},"loc":{"start":{"line":42,"column":57},"end":{"line":77,"column":null}},"line":42},"1":{"name":"(anonymous_1)","decl":{"start":{"line":51,"column":23},"end":{"line":51,"column":28}},"loc":{"start":{"line":51,"column":45},"end":{"line":71,"column":null}},"line":51}},"branchMap":{"0":{"loc":{"start":{"line":59,"column":20},"end":{"line":59,"column":null}},"type":"binary-expr","locations":[{"start":{"line":59,"column":20},"end":{"line":59,"column":55}},{"start":{"line":59,"column":55},"end":{"line":59,"column":null}}],"line":59},"1":{"loc":{"start":{"line":65,"column":21},"end":{"line":68,"column":null}},"type":"binary-expr","locations":[{"start":{"line":65,"column":21},"end":{"line":65,"column":null}},{"start":{"line":66,"column":23},"end":{"line":68,"column":null}}],"line":65}},"s":{"0":2,"1":2,"2":4,"3":16,"4":16},"f":{"0":4,"1":16},"b":{"0":[16,12],"1":[16,12]},"meta":{"lastBranch":2,"lastFunction":2,"lastStatement":5,"seen":{"s:11:30:40:Infinity":0,"s:42:40:77:Infinity":1,"f:42:46:42:57":0,"s:43:2:74:Infinity":2,"f:51:23:51:28":1,"s:53:32:53:Infinity":3,"s:55:11:71:Infinity":4,"b:59:20:59:55:59:55:59:Infinity":0,"b:65:21:65:Infinity:66:23:68:Infinity":1}}}
}
